<?xml version="1.0" encoding="UTF-8"?>
<robot generator="Robot 6.1.1 (Python 3.11.4 on win32)" generated="20230929 14:50:34.406" rpa="false" schemaversion="4">
<suite id="s1" name="Create Access" source="c:\Users\ekate\OneDrive\Documents\Bitwards_autom\Visual_Code\Train\access rights\create_access.robot">
<test id="s1-t1" name="Create an Access" line="9">
<kw name="Create Dictionary" library="BuiltIn">
<var>${header}</var>
<arg>x-api-key=gv2CLL8by32oXAE4Nwkzx6qE5TL7LKGR6r56w8I1</arg>
<doc>Creates and returns a dictionary based on the given ``items``.</doc>
<msg timestamp="20230929 14:50:34.577" level="INFO">${header} = {'x-api-key': 'gv2CLL8by32oXAE4Nwkzx6qE5TL7LKGR6r56w8I1'}</msg>
<status status="PASS" starttime="20230929 14:50:34.565" endtime="20230929 14:50:34.577"/>
</kw>
<kw name="Set Variable" library="BuiltIn">
<var>${lastName}</var>
<doc>Returns the given values which can then be assigned to a variables.</doc>
<msg timestamp="20230929 14:50:34.577" level="INFO">${lastName} = </msg>
<status status="PASS" starttime="20230929 14:50:34.577" endtime="20230929 14:50:34.577"/>
</kw>
<kw name="Create Dictionary" library="BuiltIn">
<var>${body}</var>
<arg>email=${user_email}</arg>
<arg>username=${username}</arg>
<arg>firstName=${firstName}</arg>
<arg>lastName=${lastName}</arg>
<arg>notifyUser=${True}</arg>
<arg>resourceId=${resourceId}</arg>
<arg>validFrom=${validFrom}</arg>
<arg>validTo=${validTo}</arg>
<doc>Creates and returns a dictionary based on the given ``items``.</doc>
<msg timestamp="20230929 14:50:34.584" level="INFO">${body} = {'email': 'test2+api513@bitwards.fi', 'username': 'TestPerson', 'firstName': 'Alma', 'lastName': '', 'notifyUser': True, 'resourceId': '00000009C4D9', 'validFrom': '2022-09-01T22:00:00', 'validTo': '2...</msg>
<status status="PASS" starttime="20230929 14:50:34.583" endtime="20230929 14:50:34.584"/>
</kw>
<kw name="POST" library="RequestsLibrary">
<var>${response}</var>
<arg>url=${Rest_server}/v1/access</arg>
<arg>headers=${header}</arg>
<arg>json=${body}</arg>
<doc>Sends a POST request.</doc>
<msg timestamp="20230929 14:50:35.684" level="INFO">POST Request : url=https://mobile-access-api.test.bitwardit.com/v1/access 
 path_url=/v1/access 
 headers={'User-Agent': 'python-requests/2.31.0', 'Accept-Encoding': 'gzip, deflate', 'Accept': '*/*', 'Connection': 'keep-alive', 'x-api-key': 'gv2CLL8by32oXAE4Nwkzx6qE5TL7LKGR6r56w8I1', 'Content-Length': '220', 'Content-Type': 'application/json'} 
 body=b'{"email": "test2+api513@bitwards.fi", "username": "TestPerson", "firstName": "Alma", "lastName": "", "notifyUser": true, "resourceId": "00000009C4D9", "validFrom": "2022-09-01T22:00:00", "validTo": "2023-12-05T22:00:00"}' 
 </msg>
<msg timestamp="20230929 14:50:35.684" level="INFO">POST Response : url=https://mobile-access-api.test.bitwardit.com/v1/access 
 status=200, reason=OK 
 headers={'Date': 'Fri, 29 Sep 2023 11:50:34 GMT', 'Content-Type': 'application/json', 'Content-Length': '207', 'Connection': 'keep-alive', 'x-amzn-RequestId': '181e2333-27e3-4e3a-ae55-b220ab57742e', 'Access-Control-Allow-Origin': '*', 'Strict-Transport-Security': 'max-age=31536000 ; includeSubDomains', 'x-amz-apigw-id': 'MBIBgEC7DoEFwbA=', 'X-Amzn-Trace-Id': 'Root=1-6516ba09-35aeab812da34dbf27fd97b4;Sampled=0;lineage=bbeb82c8:0'} 
 body={"accessId":886526,"validFrom":"2022-09-01T22:00:00.000+00:00","validTo":"2023-12-05T22:00:00.000+00:00","resourceId":"00000009C4D9","email":"test2+api513@bitwards.fi","username":"test2+api513@bitwards.fi"}
 
 </msg>
<msg timestamp="20230929 14:50:35.684" level="INFO">${response} = &lt;Response [200]&gt;</msg>
<status status="PASS" starttime="20230929 14:50:34.585" endtime="20230929 14:50:35.684"/>
</kw>
<kw name="Status Should Be" library="RequestsLibrary">
<arg>200</arg>
<doc>Fails if response status code is different than the expected.</doc>
<status status="PASS" starttime="20230929 14:50:35.684" endtime="20230929 14:50:35.684"/>
</kw>
<doc>Creates a set of access rights for a resource.</doc>
<status status="PASS" starttime="20230929 14:50:34.565" endtime="20230929 14:50:35.684"/>
</test>
<status status="PASS" starttime="20230929 14:50:34.413" endtime="20230929 14:50:35.701"/>
</suite>
<statistics>
<total>
<stat pass="1" fail="0" skip="0">All Tests</stat>
</total>
<tag>
</tag>
<suite>
<stat pass="1" fail="0" skip="0" id="s1" name="Create Access">Create Access</stat>
</suite>
</statistics>
<errors>
</errors>
</robot>
