<?xml version="1.0" encoding="UTF-8"?>
<robot generator="Robot 6.1.1 (Python 3.11.4 on win32)" generated="20231218 16:04:29.208" rpa="false" schemaversion="4">
<suite id="s1" name="Update card" source="c:\Users\ekate\OneDrive\Documents\Bitwards_autom\Visual_Code\test-extapi-access\Cards\Update_card.robot">
<test id="s1-t1" name="Updates the validity for a collection of cards." line="9">
<kw name="Create Dictionary" library="BuiltIn">
<var>${header}</var>
<arg>x-api-key=gv2CLL8by32oXAE4Nwkzx6qE5TL7LKGR6r56w8I1</arg>
<doc>Creates and returns a dictionary based on the given ``items``.</doc>
<msg timestamp="20231218 16:04:29.380" level="INFO">${header} = {'x-api-key': 'gv2CLL8by32oXAE4Nwkzx6qE5TL7LKGR6r56w8I1'}</msg>
<status status="PASS" starttime="20231218 16:04:29.380" endtime="20231218 16:04:29.395"/>
</kw>
<kw name="Create Dictionary" library="BuiltIn">
<var>${body}</var>
<arg>extId=${cardExtId}</arg>
<arg>validFrom=${newvalidFrom}</arg>
<arg>validTo=${newvalidTo}</arg>
<doc>Creates and returns a dictionary based on the given ``items``.</doc>
<msg timestamp="20231218 16:04:29.395" level="INFO">${body} = {'extId': 'card00012', 'validFrom': '2023-11-01T22:00:00', 'validTo': '2024-11-05T22:00:00'}</msg>
<status status="PASS" starttime="20231218 16:04:29.395" endtime="20231218 16:04:29.395"/>
</kw>
<kw name="PATCH" library="RequestsLibrary">
<var>${response}</var>
<arg>url=${Rest_server}/v1/cards/${cardExtId}</arg>
<doc>Sends a PUT request.</doc>
<msg timestamp="20231218 16:04:29.653" level="INFO">PATCH Request : url=https://mobile-access-api.test.bitwardit.com/v1/cards/card00012 
 path_url=/v1/cards/card00012 
 headers={'User-Agent': 'python-requests/2.31.0', 'Accept-Encoding': 'gzip, deflate', 'Accept': '*/*', 'Connection': 'keep-alive', 'Content-Length': '0'} 
 body=None 
 </msg>
<msg timestamp="20231218 16:04:29.653" level="INFO">PATCH Response : url=https://mobile-access-api.test.bitwardit.com/v1/cards/card00012 
 status=403, reason=Forbidden 
 headers={'Date': 'Mon, 18 Dec 2023 14:04:27 GMT', 'Content-Type': 'application/json', 'Content-Length': '42', 'Connection': 'keep-alive', 'x-amzn-RequestId': '529749f0-8240-4878-8916-73715fbdf991', 'Access-Control-Allow-Origin': '*', 'Access-Control-Allow-Headers': 'Content-Type,X-Amz-Date,Authorization,X-Api-Key,X-Amz-Security-Token', 'x-amzn-ErrorType': 'MissingAuthenticationTokenException', 'x-amz-apigw-id': 'QJGo0EgpDoEEgGw=', 'Access-Control-Allow-Methods': 'POST,OPTIONS'} 
 body={"message":"Missing Authentication Token"} 
 </msg>
<msg timestamp="20231218 16:04:29.653" level="FAIL">HTTPError: 403 Client Error: Forbidden for url: https://mobile-access-api.test.bitwardit.com/v1/cards/card00012</msg>
<status status="FAIL" starttime="20231218 16:04:29.395" endtime="20231218 16:04:29.669"/>
</kw>
<kw name="headers=${header}">
<arg>json=${body}</arg>
<status status="NOT RUN" starttime="20231218 16:04:29.672" endtime="20231218 16:04:29.672"/>
</kw>
<kw name="Status Should Be" library="RequestsLibrary">
<arg>200</arg>
<doc>Fails if response status code is different than the expected.</doc>
<status status="NOT RUN" starttime="20231218 16:04:29.672" endtime="20231218 16:04:29.672"/>
</kw>
<doc>Updates the validity for a collection of cards.</doc>
<status status="FAIL" starttime="20231218 16:04:29.380" endtime="20231218 16:04:29.672">HTTPError: 403 Client Error: Forbidden for url: https://mobile-access-api.test.bitwardit.com/v1/cards/card00012</status>
</test>
<status status="FAIL" starttime="20231218 16:04:29.218" endtime="20231218 16:04:29.672"/>
</suite>
<statistics>
<total>
<stat pass="0" fail="1" skip="0">All Tests</stat>
</total>
<tag>
</tag>
<suite>
<stat pass="0" fail="1" skip="0" id="s1" name="Update card">Update card</stat>
</suite>
</statistics>
<errors>
</errors>
</robot>
